2025-04-02T23:34:03.383+02:00  INFO 9948 --- [main] com.example.ddmdemo.DdmdemoApplication   : Starting DdmdemoApplication using Java 23.0.1 with PID 9948 (C:\Users\milos.DESKTOP-K0ADGSS\Documents\Faks\udd\UDD-materijali\target\classes started by milos in C:\Users\milos.DESKTOP-K0ADGSS\Documents\Faks\udd\UDD-materijali)
2025-04-02T23:34:03.391+02:00  INFO 9948 --- [main] com.example.ddmdemo.DdmdemoApplication   : No active profile set, falling back to 1 default profile: "default"
2025-04-02T23:34:05.500+02:00  INFO 9948 --- [main] .s.d.r.c.RepositoryConfigurationDelegate : Multiple Spring Data modules found, entering strict repository configuration mode
2025-04-02T23:34:05.502+02:00  INFO 9948 --- [main] .s.d.r.c.RepositoryConfigurationDelegate : Bootstrapping Spring Data Elasticsearch repositories in DEFAULT mode.
2025-04-02T23:34:05.523+02:00  INFO 9948 --- [main] .s.d.r.c.RepositoryConfigurationDelegate : Finished Spring Data repository scanning in 12 ms. Found 0 Elasticsearch repository interfaces.
2025-04-02T23:34:06.012+02:00  INFO 9948 --- [main] .s.d.r.c.RepositoryConfigurationDelegate : Multiple Spring Data modules found, entering strict repository configuration mode
2025-04-02T23:34:06.013+02:00  INFO 9948 --- [main] .s.d.r.c.RepositoryConfigurationDelegate : Bootstrapping Spring Data Elasticsearch repositories in DEFAULT mode.
2025-04-02T23:34:06.098+02:00  INFO 9948 --- [main] .RepositoryConfigurationExtensionSupport : Spring Data Elasticsearch - Could not safely identify store assignment for repository candidate interface com.example.ddmdemo.respository.DummyRepository; If you want this repository to be a Elasticsearch repository, consider annotating your entities with one of these annotations: org.springframework.data.elasticsearch.annotations.Document (preferred), or consider extending one of the following types with your repository: org.springframework.data.elasticsearch.repository.ElasticsearchRepository, org.springframework.data.elasticsearch.repository.ElasticsearchRepository
2025-04-02T23:34:06.101+02:00  INFO 9948 --- [main] .RepositoryConfigurationExtensionSupport : Spring Data Elasticsearch - Could not safely identify store assignment for repository candidate interface com.example.ddmdemo.respository.UserRepository; If you want this repository to be a Elasticsearch repository, consider annotating your entities with one of these annotations: org.springframework.data.elasticsearch.annotations.Document (preferred), or consider extending one of the following types with your repository: org.springframework.data.elasticsearch.repository.ElasticsearchRepository, org.springframework.data.elasticsearch.repository.ElasticsearchRepository
2025-04-02T23:34:06.155+02:00  INFO 9948 --- [main] .s.d.r.c.RepositoryConfigurationDelegate : Finished Spring Data repository scanning in 141 ms. Found 1 Elasticsearch repository interfaces.
2025-04-02T23:34:06.172+02:00  INFO 9948 --- [main] .s.d.r.c.RepositoryConfigurationDelegate : Multiple Spring Data modules found, entering strict repository configuration mode
2025-04-02T23:34:06.174+02:00  INFO 9948 --- [main] .s.d.r.c.RepositoryConfigurationDelegate : Bootstrapping Spring Data Reactive Elasticsearch repositories in DEFAULT mode.
2025-04-02T23:34:06.197+02:00  INFO 9948 --- [main] .RepositoryConfigurationExtensionSupport : Spring Data Reactive Elasticsearch - Could not safely identify store assignment for repository candidate interface com.example.ddmdemo.respository.DummyRepository; If you want this repository to be a Reactive Elasticsearch repository, consider annotating your entities with one of these annotations: org.springframework.data.elasticsearch.annotations.Document (preferred), or consider extending one of the following types with your repository: org.springframework.data.elasticsearch.repository.ReactiveElasticsearchRepository
2025-04-02T23:34:06.198+02:00  INFO 9948 --- [main] .RepositoryConfigurationExtensionSupport : Spring Data Reactive Elasticsearch - Could not safely identify store assignment for repository candidate interface com.example.ddmdemo.respository.UserRepository; If you want this repository to be a Reactive Elasticsearch repository, consider annotating your entities with one of these annotations: org.springframework.data.elasticsearch.annotations.Document (preferred), or consider extending one of the following types with your repository: org.springframework.data.elasticsearch.repository.ReactiveElasticsearchRepository
2025-04-02T23:34:06.199+02:00  INFO 9948 --- [main] .s.d.r.c.RepositoryConfigurationDelegate : Finished Spring Data repository scanning in 24 ms. Found 0 Reactive Elasticsearch repository interfaces.
2025-04-02T23:34:06.226+02:00  INFO 9948 --- [main] .s.d.r.c.RepositoryConfigurationDelegate : Multiple Spring Data modules found, entering strict repository configuration mode
2025-04-02T23:34:06.229+02:00  INFO 9948 --- [main] .s.d.r.c.RepositoryConfigurationDelegate : Bootstrapping Spring Data JPA repositories in DEFAULT mode.
2025-04-02T23:34:06.280+02:00  INFO 9948 --- [main] .RepositoryConfigurationExtensionSupport : Spring Data JPA - Could not safely identify store assignment for repository candidate interface com.example.ddmdemo.indexrepository.DummyIndexRepository; If you want this repository to be a JPA repository, consider annotating your entities with one of these annotations: jakarta.persistence.Entity, jakarta.persistence.MappedSuperclass (preferred), or consider extending one of the following types with your repository: org.springframework.data.jpa.repository.JpaRepository
2025-04-02T23:34:06.316+02:00  INFO 9948 --- [main] .s.d.r.c.RepositoryConfigurationDelegate : Finished Spring Data repository scanning in 67 ms. Found 2 JPA repository interfaces.
2025-04-02T23:34:07.052+02:00  INFO 9948 --- [main] o.s.cloud.context.scope.GenericScope     : BeanFactory id=4892a765-278c-336f-a858-8c9231a57cba
2025-04-02T23:34:08.165+02:00  INFO 9948 --- [main] o.s.b.w.embedded.tomcat.TomcatWebServer  : Tomcat initialized with port(s): 8080 (http)
2025-04-02T23:34:08.189+02:00  INFO 9948 --- [main] o.apache.catalina.core.StandardService   : Starting service [Tomcat]
2025-04-02T23:34:08.190+02:00  INFO 9948 --- [main] o.apache.catalina.core.StandardEngine    : Starting Servlet engine: [Apache Tomcat/10.1.15]
2025-04-02T23:34:08.440+02:00  INFO 9948 --- [main] o.a.c.c.C.[Tomcat].[localhost].[/]       : Initializing Spring embedded WebApplicationContext
2025-04-02T23:34:08.441+02:00  INFO 9948 --- [main] w.s.c.ServletWebServerApplicationContext : Root WebApplicationContext: initialization completed in 4920 ms
2025-04-02T23:34:08.730+02:00  INFO 9948 --- [main] o.hibernate.jpa.internal.util.LogHelper  : HHH000204: Processing PersistenceUnitInfo [name: default]
2025-04-02T23:34:08.928+02:00  INFO 9948 --- [main] org.hibernate.Version                    : HHH000412: Hibernate ORM core version 6.2.13.Final
2025-04-02T23:34:08.939+02:00  INFO 9948 --- [main] org.hibernate.cfg.Environment            : HHH000406: Using bytecode reflection optimizer
2025-04-02T23:34:09.739+02:00  INFO 9948 --- [main] o.s.o.j.p.SpringPersistenceUnitInfo      : No LoadTimeWeaver setup: ignoring JPA class transformer
2025-04-02T23:34:09.791+02:00  INFO 9948 --- [main] com.zaxxer.hikari.HikariDataSource       : HikariPool-1 - Starting...
2025-04-02T23:34:10.419+02:00  INFO 9948 --- [main] com.zaxxer.hikari.pool.HikariPool        : HikariPool-1 - Added connection org.postgresql.jdbc.PgConnection@36df4c26
2025-04-02T23:34:10.422+02:00  INFO 9948 --- [main] com.zaxxer.hikari.HikariDataSource       : HikariPool-1 - Start completed.
2025-04-02T23:34:10.518+02:00  WARN 9948 --- [main] org.hibernate.orm.deprecation            : HHH90000025: PostgreSQLDialect does not need to be specified explicitly using 'hibernate.dialect' (remove the property setting and it will be selected by default)
2025-04-02T23:34:12.237+02:00  INFO 9948 --- [main] o.h.e.t.j.p.i.JtaPlatformInitiator       : HHH000489: No JTA platform available (set 'hibernate.transaction.jta.platform' to enable JTA platform integration)
2025-04-02T23:34:12.325+02:00  WARN 9948 --- [main] o.h.engine.jdbc.spi.SqlExceptionHelper   : SQL Warning Code: 0, SQLState: 00000
2025-04-02T23:34:12.326+02:00  WARN 9948 --- [main] o.h.engine.jdbc.spi.SqlExceptionHelper   : table "users" does not exist, skipping
2025-04-02T23:34:12.394+02:00  INFO 9948 --- [main] j.LocalContainerEntityManagerFactoryBean : Initialized JPA EntityManagerFactory for persistence unit 'default'
2025-04-02T23:34:18.715+02:00  INFO 9948 --- [main] ai.djl.pytorch.engine.PtEngine           : PyTorch graph executor optimizer is enabled, this may impact your inference latency and throughput. See: https://docs.djl.ai/docs/development/inference_performance_optimization.html#graph-executor-optimization
2025-04-02T23:34:18.874+02:00  INFO 9948 --- [main] ai.djl.pytorch.engine.PtEngine           : Number of inter-op threads is 8
2025-04-02T23:34:18.875+02:00  INFO 9948 --- [main] ai.djl.pytorch.engine.PtEngine           : Number of intra-op threads is 4
2025-04-02T23:34:19.256+02:00  INFO 9948 --- [main] ai.djl.util.Platform                     : Found matching platform from: jar:file:/C:/Users/milos.DESKTOP-K0ADGSS/.m2/repository/ai/djl/huggingface/tokenizers/0.28.0/tokenizers-0.28.0.jar!/native/lib/tokenizers.properties
2025-04-02T23:34:20.193+02:00  INFO 9948 --- [main] o.s.b.a.w.s.WelcomePageHandlerMapping    : Adding welcome page: class path resource [static/index.html]
2025-04-02T23:34:20.504+02:00  INFO 9948 --- [main] o.s.s.web.DefaultSecurityFilterChain     : Will secure any request with [org.springframework.security.web.session.DisableEncodeUrlFilter@5a919251, org.springframework.security.web.context.request.async.WebAsyncManagerIntegrationFilter@33a0b857, org.springframework.security.web.context.SecurityContextHolderFilter@5f7dbdfa, org.springframework.security.web.header.HeaderWriterFilter@14ea3ecf, org.springframework.security.web.authentication.logout.LogoutFilter@a23b96b, com.example.ddmdemo.security.AuthTokenFilter@7a053795, org.springframework.security.web.savedrequest.RequestCacheAwareFilter@157e0f6b, org.springframework.security.web.servletapi.SecurityContextHolderAwareRequestFilter@22781286, org.springframework.security.web.authentication.AnonymousAuthenticationFilter@b3c7c75, org.springframework.security.web.session.SessionManagementFilter@324ee3ca, org.springframework.security.web.access.ExceptionTranslationFilter@79e3f444, org.springframework.security.web.access.intercept.AuthorizationFilter@455591ad]
2025-04-02T23:34:21.239+02:00  INFO 9948 --- [main] o.s.b.w.embedded.tomcat.TomcatWebServer  : Tomcat started on port(s): 8080 (http) with context path ''
2025-04-02T23:34:21.254+02:00  INFO 9948 --- [main] com.example.ddmdemo.DdmdemoApplication   : Started DdmdemoApplication in 18.994 seconds (process running for 23.44)
2025-04-02T23:35:13.629+02:00  INFO 9948 --- [http-nio-0.0.0.0-8080-exec-2] o.a.c.c.C.[Tomcat].[localhost].[/]       : Initializing Spring DispatcherServlet 'dispatcherServlet'
2025-04-02T23:35:13.630+02:00  INFO 9948 --- [http-nio-0.0.0.0-8080-exec-2] o.s.web.servlet.DispatcherServlet        : Initializing Servlet 'dispatcherServlet'
2025-04-02T23:35:13.634+02:00  INFO 9948 --- [http-nio-0.0.0.0-8080-exec-2] o.s.web.servlet.DispatcherServlet        : Completed initialization in 3 ms
2025-04-02T23:40:32.944+02:00  WARN 9948 --- [http-nio-0.0.0.0-8080-exec-3] .w.s.m.s.DefaultHandlerExceptionResolver : Resolved [org.springframework.web.HttpRequestMethodNotSupportedException: Request method 'POST' is not supported]
